{"level":"info","message":"✅ Database connected","service":"ecommerce-api","timestamp":"2026-04-19T10:46:48.122Z"}
{"level":"info","message":"🚀 Server running on port 5000","service":"ecommerce-api","timestamp":"2026-04-19T10:46:48.149Z"}
{"level":"info","message":"📖 API Docs: http://localhost:5000/api-docs","service":"ecommerce-api","timestamp":"2026-04-19T10:46:48.151Z"}
{"level":"info","message":"🌍 Environment: development","service":"ecommerce-api","timestamp":"2026-04-19T10:46:48.152Z"}
{"level":"info","message":"📡 API Prefix: /api/v1","service":"ecommerce-api","timestamp":"2026-04-19T10:46:48.152Z"}
{"level":"info","message":"SIGINT received. Starting graceful shutdown...","service":"ecommerce-api","timestamp":"2026-04-19T10:46:49.689Z"}
{"level":"info","message":"✅ Database connected","service":"ecommerce-api","timestamp":"2026-04-19T10:48:07.397Z"}
{"level":"info","message":"🚀 Server running on port 5000","service":"ecommerce-api","timestamp":"2026-04-19T10:48:07.421Z"}
{"level":"info","message":"📖 API Docs: http://localhost:5000/api-docs","service":"ecommerce-api","timestamp":"2026-04-19T10:48:07.422Z"}
{"level":"info","message":"🌍 Environment: development","service":"ecommerce-api","timestamp":"2026-04-19T10:48:07.424Z"}
{"level":"info","message":"📡 API Prefix: /api/v1","service":"ecommerce-api","timestamp":"2026-04-19T10:48:07.424Z"}
{"level":"info","message":"✅ Database connected","service":"ecommerce-api","timestamp":"2026-04-21T02:19:09.958Z"}
{"level":"info","message":"🚀 Server running on port 5000","service":"ecommerce-api","timestamp":"2026-04-21T02:19:09.974Z"}
{"level":"info","message":"📖 API Docs: http://localhost:5000/api-docs","service":"ecommerce-api","timestamp":"2026-04-21T02:19:09.975Z"}
{"level":"info","message":"🌍 Environment: development","service":"ecommerce-api","timestamp":"2026-04-21T02:19:09.976Z"}
{"level":"info","message":"📡 API Prefix: /api/v1","service":"ecommerce-api","timestamp":"2026-04-21T02:19:09.976Z"}
{"level":"info","message":"SIGINT received. Starting graceful shutdown...","service":"ecommerce-api","timestamp":"2026-04-21T02:19:10.752Z"}
{"level":"info","message":"✅ Database connected","service":"ecommerce-api","timestamp":"2026-04-21T02:19:16.806Z"}
{"level":"info","message":"🚀 Server running on port 5000","service":"ecommerce-api","timestamp":"2026-04-21T02:19:16.817Z"}
{"level":"info","message":"📖 API Docs: http://localhost:5000/api-docs","service":"ecommerce-api","timestamp":"2026-04-21T02:19:16.818Z"}
{"level":"info","message":"🌍 Environment: development","service":"ecommerce-api","timestamp":"2026-04-21T02:19:16.819Z"}
{"level":"info","message":"📡 API Prefix: /api/v1","service":"ecommerce-api","timestamp":"2026-04-21T02:19:16.820Z"}
{"level":"info","message":"✅ Database connected","service":"ecommerce-api","timestamp":"2026-04-21T02:22:30.609Z"}
{"level":"info","message":"🚀 Server running on port 5000","service":"ecommerce-api","timestamp":"2026-04-21T02:22:30.622Z"}
{"level":"info","message":"📖 API Docs: http://localhost:5000/api-docs","service":"ecommerce-api","timestamp":"2026-04-21T02:22:30.623Z"}
{"level":"info","message":"🌍 Environment: development","service":"ecommerce-api","timestamp":"2026-04-21T02:22:30.623Z"}
{"level":"info","message":"📡 API Prefix: /api/v1","service":"ecommerce-api","timestamp":"2026-04-21T02:22:30.624Z"}
{"level":"info","message":"SIGINT received. Starting graceful shutdown...","service":"ecommerce-api","timestamp":"2026-04-21T02:22:31.332Z"}
{"level":"info","message":"✅ Database connected","service":"ecommerce-api","timestamp":"2026-04-21T02:22:37.172Z"}
{"level":"info","message":"🚀 Server running on port 5000","service":"ecommerce-api","timestamp":"2026-04-21T02:22:37.183Z"}
{"level":"info","message":"📖 API Docs: http://localhost:5000/api-docs","service":"ecommerce-api","timestamp":"2026-04-21T02:22:37.183Z"}
{"level":"info","message":"🌍 Environment: development","service":"ecommerce-api","timestamp":"2026-04-21T02:22:37.184Z"}
{"level":"info","message":"📡 API Prefix: /api/v1","service":"ecommerce-api","timestamp":"2026-04-21T02:22:37.184Z"}
{"level":"info","message":"✅ Database connected","service":"ecommerce-api","timestamp":"2026-04-21T02:28:00.726Z"}
{"level":"info","message":"🚀 Server running on port 5000","service":"ecommerce-api","timestamp":"2026-04-21T02:28:00.737Z"}
{"level":"info","message":"📖 API Docs: http://localhost:5000/api-docs","service":"ecommerce-api","timestamp":"2026-04-21T02:28:00.738Z"}
{"level":"info","message":"🌍 Environment: development","service":"ecommerce-api","timestamp":"2026-04-21T02:28:00.738Z"}
{"level":"info","message":"📡 API Prefix: /api/v1","service":"ecommerce-api","timestamp":"2026-04-21T02:28:00.739Z"}
{"level":"info","message":"SIGINT received. Starting graceful shutdown...","service":"ecommerce-api","timestamp":"2026-04-21T02:29:32.601Z"}
{"level":"info","message":"✅ Database connected","service":"ecommerce-api","timestamp":"2026-04-21T02:29:44.385Z"}
{"level":"info","message":"🚀 Server running on port 5000","service":"ecommerce-api","timestamp":"2026-04-21T02:29:44.398Z"}
{"level":"info","message":"📖 API Docs: http://localhost:5000/api-docs","service":"ecommerce-api","timestamp":"2026-04-21T02:29:44.398Z"}
{"level":"info","message":"🌍 Environment: development","service":"ecommerce-api","timestamp":"2026-04-21T02:29:44.398Z"}
{"level":"info","message":"📡 API Prefix: /api/v1","service":"ecommerce-api","timestamp":"2026-04-21T02:29:44.399Z"}
{"level":"info","message":"SIGINT received. Starting graceful shutdown...","service":"ecommerce-api","timestamp":"2026-04-21T02:29:55.594Z"}
{"level":"info","message":"✅ Database connected","service":"ecommerce-api","timestamp":"2026-04-21T02:30:36.604Z"}
{"level":"info","message":"🚀 Server running on port 5000","service":"ecommerce-api","timestamp":"2026-04-21T02:30:36.615Z"}
{"level":"info","message":"📖 API Docs: http://localhost:5000/api-docs","service":"ecommerce-api","timestamp":"2026-04-21T02:30:36.615Z"}
{"level":"info","message":"🌍 Environment: development","service":"ecommerce-api","timestamp":"2026-04-21T02:30:36.616Z"}
{"level":"info","message":"📡 API Prefix: /api/v1","service":"ecommerce-api","timestamp":"2026-04-21T02:30:36.619Z"}
{"level":"info","message":"✅ Database connected","service":"ecommerce-api","timestamp":"2026-04-21T02:32:29.644Z"}
{"level":"info","message":"🚀 Server running on port 5000","service":"ecommerce-api","timestamp":"2026-04-21T02:32:29.719Z"}
{"level":"info","message":"📖 API Docs: http://localhost:5000/api-docs","service":"ecommerce-api","timestamp":"2026-04-21T02:32:29.829Z"}
{"level":"info","message":"🌍 Environment: development","service":"ecommerce-api","timestamp":"2026-04-21T02:32:29.853Z"}
{"level":"info","message":"📡 API Prefix: /api/v1","service":"ecommerce-api","timestamp":"2026-04-21T02:32:29.859Z"}
{"level":"info","message":"✅ Database connected","service":"ecommerce-api","timestamp":"2026-04-21T02:32:39.756Z"}
{"level":"info","message":"🚀 Server running on port 5000","service":"ecommerce-api","timestamp":"2026-04-21T02:32:39.777Z"}
{"level":"info","message":"📖 API Docs: http://localhost:5000/api-docs","service":"ecommerce-api","timestamp":"2026-04-21T02:32:39.778Z"}
{"level":"info","message":"🌍 Environment: development","service":"ecommerce-api","timestamp":"2026-04-21T02:32:39.781Z"}
{"level":"info","message":"📡 API Prefix: /api/v1","service":"ecommerce-api","timestamp":"2026-04-21T02:32:39.782Z"}
{"level":"info","message":"✅ Database connected","service":"ecommerce-api","timestamp":"2026-04-21T02:32:43.041Z"}
{"level":"info","message":"🚀 Server running on port 5000","service":"ecommerce-api","timestamp":"2026-04-21T02:32:43.057Z"}
{"level":"info","message":"📖 API Docs: http://localhost:5000/api-docs","service":"ecommerce-api","timestamp":"2026-04-21T02:32:43.059Z"}
{"level":"info","message":"🌍 Environment: development","service":"ecommerce-api","timestamp":"2026-04-21T02:32:43.060Z"}
{"level":"info","message":"📡 API Prefix: /api/v1","service":"ecommerce-api","timestamp":"2026-04-21T02:32:43.060Z"}
{"level":"info","message":"✅ Database connected","service":"ecommerce-api","timestamp":"2026-04-21T02:32:46.426Z"}
{"level":"info","message":"🚀 Server running on port 5000","service":"ecommerce-api","timestamp":"2026-04-21T02:32:46.439Z"}
{"level":"info","message":"📖 API Docs: http://localhost:5000/api-docs","service":"ecommerce-api","timestamp":"2026-04-21T02:32:46.441Z"}
{"level":"info","message":"🌍 Environment: development","service":"ecommerce-api","timestamp":"2026-04-21T02:32:46.442Z"}
{"level":"info","message":"📡 API Prefix: /api/v1","service":"ecommerce-api","timestamp":"2026-04-21T02:32:46.443Z"}
{"level":"info","message":"SIGINT received. Starting graceful shutdown...","service":"ecommerce-api","timestamp":"2026-04-21T02:32:46.626Z"}
{"level":"info","message":"✅ Database connected","service":"ecommerce-api","timestamp":"2026-04-21T02:33:04.974Z"}
{"level":"info","message":"🚀 Server running on port 5000","service":"ecommerce-api","timestamp":"2026-04-21T02:33:04.986Z"}
{"level":"info","message":"📖 API Docs: http://localhost:5000/api-docs","service":"ecommerce-api","timestamp":"2026-04-21T02:33:04.986Z"}
{"level":"info","message":"🌍 Environment: development","service":"ecommerce-api","timestamp":"2026-04-21T02:33:04.987Z"}
{"level":"info","message":"📡 API Prefix: /api/v1","service":"ecommerce-api","timestamp":"2026-04-21T02:33:04.987Z"}
{"level":"info","message":"✅ Database connected","service":"ecommerce-api","timestamp":"2026-04-21T02:33:45.727Z"}
{"level":"info","message":"🚀 Server running on port 5000","service":"ecommerce-api","timestamp":"2026-04-21T02:33:45.756Z"}
{"level":"info","message":"📖 API Docs: http://localhost:5000/api-docs","service":"ecommerce-api","timestamp":"2026-04-21T02:33:45.756Z"}
{"level":"info","message":"🌍 Environment: development","service":"ecommerce-api","timestamp":"2026-04-21T02:33:45.757Z"}
{"level":"info","message":"📡 API Prefix: /api/v1","service":"ecommerce-api","timestamp":"2026-04-21T02:33:45.757Z"}
{"level":"info","message":"✅ Database connected","service":"ecommerce-api","timestamp":"2026-04-21T02:35:46.590Z"}
{"level":"info","message":"🚀 Server running on port 5000","service":"ecommerce-api","timestamp":"2026-04-21T02:35:46.603Z"}
{"level":"info","message":"📖 API Docs: http://localhost:5000/api-docs","service":"ecommerce-api","timestamp":"2026-04-21T02:35:46.605Z"}
{"level":"info","message":"🌍 Environment: development","service":"ecommerce-api","timestamp":"2026-04-21T02:35:46.606Z"}
{"level":"info","message":"📡 API Prefix: /api/v1","service":"ecommerce-api","timestamp":"2026-04-21T02:35:46.607Z"}
{"level":"info","message":"SIGINT received. Starting graceful shutdown...","service":"ecommerce-api","timestamp":"2026-04-21T02:35:54.318Z"}
{"level":"info","message":"✅ Database connected","service":"ecommerce-api","timestamp":"2026-04-21T02:36:34.193Z"}
{"level":"info","message":"🚀 Server running on port 5000","service":"ecommerce-api","timestamp":"2026-04-21T02:36:34.205Z"}
{"level":"info","message":"📖 API Docs: http://localhost:5000/api-docs","service":"ecommerce-api","timestamp":"2026-04-21T02:36:34.206Z"}
{"level":"info","message":"🌍 Environment: development","service":"ecommerce-api","timestamp":"2026-04-21T02:36:34.207Z"}
{"level":"info","message":"📡 API Prefix: /api/v1","service":"ecommerce-api","timestamp":"2026-04-21T02:36:34.207Z"}
{"level":"info","message":"✅ Database connected","service":"ecommerce-api","timestamp":"2026-04-21T02:37:20.477Z"}
{"level":"info","message":"🚀 Server running on port 5000","service":"ecommerce-api","timestamp":"2026-04-21T02:37:20.488Z"}
{"level":"info","message":"📖 API Docs: http://localhost:5000/api-docs","service":"ecommerce-api","timestamp":"2026-04-21T02:37:20.490Z"}
{"level":"info","message":"🌍 Environment: development","service":"ecommerce-api","timestamp":"2026-04-21T02:37:20.490Z"}
{"level":"info","message":"📡 API Prefix: /api/v1","service":"ecommerce-api","timestamp":"2026-04-21T02:37:20.491Z"}
{"level":"info","message":"✅ Database connected","service":"ecommerce-api","timestamp":"2026-04-21T02:37:22.575Z"}
{"level":"info","message":"🚀 Server running on port 5000","service":"ecommerce-api","timestamp":"2026-04-21T02:37:22.588Z"}
{"level":"info","message":"📖 API Docs: http://localhost:5000/api-docs","service":"ecommerce-api","timestamp":"2026-04-21T02:37:22.589Z"}
{"level":"info","message":"🌍 Environment: development","service":"ecommerce-api","timestamp":"2026-04-21T02:37:22.589Z"}
{"level":"info","message":"📡 API Prefix: /api/v1","service":"ecommerce-api","timestamp":"2026-04-21T02:37:22.590Z"}
{"level":"info","message":"✅ Database connected","service":"ecommerce-api","timestamp":"2026-04-21T02:37:31.947Z"}
{"level":"info","message":"🚀 Server running on port 5000","service":"ecommerce-api","timestamp":"2026-04-21T02:37:31.962Z"}
{"level":"info","message":"📖 API Docs: http://localhost:5000/api-docs","service":"ecommerce-api","timestamp":"2026-04-21T02:37:31.964Z"}
{"level":"info","message":"🌍 Environment: development","service":"ecommerce-api","timestamp":"2026-04-21T02:37:31.965Z"}
{"level":"info","message":"📡 API Prefix: /api/v1","service":"ecommerce-api","timestamp":"2026-04-21T02:37:31.966Z"}
{"level":"info","message":"SIGINT received. Starting graceful shutdown...","service":"ecommerce-api","timestamp":"2026-04-21T02:37:41.210Z"}
{"level":"info","message":"✅ Database connected (via PrismaPg adapter)","service":"ecommerce-api","timestamp":"2026-04-22T02:59:20.250Z"}
{"level":"info","message":"🚀 Server running on port 5000","service":"ecommerce-api","timestamp":"2026-04-22T02:59:20.265Z"}
{"level":"info","message":"📖 API Docs: http://localhost:5000/api-docs","service":"ecommerce-api","timestamp":"2026-04-22T02:59:20.266Z"}
{"level":"info","message":"🌍 Environment: development","service":"ecommerce-api","timestamp":"2026-04-22T02:59:20.267Z"}
{"level":"info","message":"📡 API Prefix: /api/v1","service":"ecommerce-api","timestamp":"2026-04-22T02:59:20.267Z"}
{"level":"info","message":"SIGINT received. Starting graceful shutdown...","service":"ecommerce-api","timestamp":"2026-04-22T03:00:34.325Z"}
{"level":"info","message":"✅ Database connected (via PrismaPg adapter)","service":"ecommerce-api","timestamp":"2026-04-22T03:00:40.787Z"}
{"level":"info","message":"🚀 Server running on port 5000","service":"ecommerce-api","timestamp":"2026-04-22T03:00:40.796Z"}
{"level":"info","message":"📖 API Docs: http://localhost:5000/api-docs","service":"ecommerce-api","timestamp":"2026-04-22T03:00:40.797Z"}
{"level":"info","message":"🌍 Environment: development","service":"ecommerce-api","timestamp":"2026-04-22T03:00:40.797Z"}
{"level":"info","message":"📡 API Prefix: /api/v1","service":"ecommerce-api","timestamp":"2026-04-22T03:00:40.797Z"}
{"level":"info","message":"SIGINT received. Starting graceful shutdown...","service":"ecommerce-api","timestamp":"2026-04-22T03:02:16.586Z"}
{"level":"info","message":"✅ Database connected (via PrismaPg adapter)","service":"ecommerce-api","timestamp":"2026-04-22T03:02:29.043Z"}
{"level":"info","message":"🚀 Server running on port 5000","service":"ecommerce-api","timestamp":"2026-04-22T03:02:29.058Z"}
{"level":"info","message":"📖 API Docs: http://localhost:5000/api-docs","service":"ecommerce-api","timestamp":"2026-04-22T03:02:29.060Z"}
{"level":"info","message":"🌍 Environment: development","service":"ecommerce-api","timestamp":"2026-04-22T03:02:29.060Z"}
{"level":"info","message":"📡 API Prefix: /api/v1","service":"ecommerce-api","timestamp":"2026-04-22T03:02:29.061Z"}
{"clientVersion":"7.7.0","code":"P2028","level":"error","message":"Unhandled Promise Rejection: \nInvalid `prisma.product.findMany()` invocation in\nC:\\Users\\WIN10\\Desktop\\ecom\\E-commerce\\newBackend\\src\\modules\\product\\product.repository.ts:35:22\n\n  32 };\n  33 \n  34 const [items, total] = await prisma.$transaction([\n→ 35   prisma.product.findMany(\nTransaction API error: Unable to start a transaction in the given time.","meta":{"modelName":"Product"},"name":"PrismaClientKnownRequestError","service":"ecommerce-api","stack":"PrismaClientKnownRequestError: \nInvalid `prisma.product.findMany()` invocation in\nC:\\Users\\WIN10\\Desktop\\ecom\\E-commerce\\newBackend\\src\\modules\\product\\product.repository.ts:35:22\n\n  32 };\n  33 \n  34 const [items, total] = await prisma.$transaction([\n→ 35   prisma.product.findMany(\nTransaction API error: Unable to start a transaction in the given time.\n    at Gr.handleRequestError (C:\\Users\\WIN10\\Desktop\\ecom\\E-commerce\\newBackend\\node_modules\\@prisma\\client\\src\\runtime\\RequestHandler.ts:237:13)\n    at Gr.handleAndLogRequestError (C:\\Users\\WIN10\\Desktop\\ecom\\E-commerce\\newBackend\\node_modules\\@prisma\\client\\src\\runtime\\RequestHandler.ts:183:12)\n    at Gr.request (C:\\Users\\WIN10\\Desktop\\ecom\\E-commerce\\newBackend\\node_modules\\@prisma\\client\\src\\runtime\\RequestHandler.ts:152:12)\n    at a (C:\\Users\\WIN10\\Desktop\\ecom\\E-commerce\\newBackend\\node_modules\\@prisma\\client\\src\\runtime\\getPrismaClient.ts:938:24)","timestamp":"2026-04-22T03:02:36.382Z"}
{"level":"info","message":"✅ Database connected (via PrismaPg adapter)","service":"ecommerce-api","timestamp":"2026-04-22T03:08:15.867Z"}
{"level":"info","message":"🚀 Server running on port 5000","service":"ecommerce-api","timestamp":"2026-04-22T03:08:15.881Z"}
{"level":"info","message":"📖 API Docs: http://localhost:5000/api-docs","service":"ecommerce-api","timestamp":"2026-04-22T03:08:15.882Z"}
{"level":"info","message":"🌍 Environment: development","service":"ecommerce-api","timestamp":"2026-04-22T03:08:15.883Z"}
{"level":"info","message":"📡 API Prefix: /api/v1","service":"ecommerce-api","timestamp":"2026-04-22T03:08:15.884Z"}
{"level":"info","message":"SIGINT received. Starting graceful shutdown...","service":"ecommerce-api","timestamp":"2026-04-22T03:08:17.942Z"}
{"level":"info","message":"✅ Database connected (via PrismaPg adapter)","service":"ecommerce-api","timestamp":"2026-04-22T03:08:25.831Z"}
{"level":"info","message":"🚀 Server running on port 5000","service":"ecommerce-api","timestamp":"2026-04-22T03:08:25.843Z"}
{"level":"info","message":"📖 API Docs: http://localhost:5000/api-docs","service":"ecommerce-api","timestamp":"2026-04-22T03:08:25.843Z"}
{"level":"info","message":"🌍 Environment: development","service":"ecommerce-api","timestamp":"2026-04-22T03:08:25.844Z"}
{"level":"info","message":"📡 API Prefix: /api/v1","service":"ecommerce-api","timestamp":"2026-04-22T03:08:25.844Z"}
{"clientVersion":"7.7.0","code":"P2021","level":"error","message":"Unhandled Promise Rejection: \nInvalid `prisma.product.count()` invocation in\nC:\\Users\\WIN10\\Desktop\\ecom\\E-commerce\\newBackend\\src\\modules\\product\\product.repository.ts:41:22\n\n  38   take: limit,\n  39   orderBy: { createdAt: \"desc\" },\n  40 }),\n→ 41 prisma.product.count(\nThe table `public.products` does not exist in the current database.","meta":{"driverAdapterError":{"cause":{"kind":"TableDoesNotExist","originalCode":"42P01","originalMessage":"relation \"public.products\" does not exist","table":"public.products"},"name":"DriverAdapterError"},"modelName":"Product"},"name":"PrismaClientKnownRequestError","service":"ecommerce-api","stack":"PrismaClientKnownRequestError: \nInvalid `prisma.product.count()` invocation in\nC:\\Users\\WIN10\\Desktop\\ecom\\E-commerce\\newBackend\\src\\modules\\product\\product.repository.ts:41:22\n\n  38   take: limit,\n  39   orderBy: { createdAt: \"desc\" },\n  40 }),\n→ 41 prisma.product.count(\nThe table `public.products` does not exist in the current database.\n    at Gr.handleRequestError (C:\\Users\\WIN10\\Desktop\\ecom\\E-commerce\\newBackend\\node_modules\\@prisma\\client\\src\\runtime\\RequestHandler.ts:237:13)\n    at Gr.handleAndLogRequestError (C:\\Users\\WIN10\\Desktop\\ecom\\E-commerce\\newBackend\\node_modules\\@prisma\\client\\src\\runtime\\RequestHandler.ts:183:12)\n    at Gr.request (C:\\Users\\WIN10\\Desktop\\ecom\\E-commerce\\newBackend\\node_modules\\@prisma\\client\\src\\runtime\\RequestHandler.ts:152:12)\n    at processTicksAndRejections (node:internal/process/task_queues:104:5)\n    at a (C:\\Users\\WIN10\\Desktop\\ecom\\E-commerce\\newBackend\\node_modules\\@prisma\\client\\src\\runtime\\getPrismaClient.ts:938:24)\n    at async Promise.all (index 1)\n    at Object.findAll (C:\\Users\\WIN10\\Desktop\\ecom\\E-commerce\\newBackend\\src\\modules\\product\\product.repository.ts:34:28)\n    at getAll (C:\\Users\\WIN10\\Desktop\\ecom\\E-commerce\\newBackend\\src\\modules\\product\\product.controller.ts:24:20)","timestamp":"2026-04-22T03:08:33.004Z"}
{"level":"info","message":"SIGINT received. Starting graceful shutdown...","service":"ecommerce-api","timestamp":"2026-04-22T03:09:19.258Z"}
{"level":"info","message":"✅ Database connected (via PrismaPg adapter)","service":"ecommerce-api","timestamp":"2026-04-22T03:21:20.495Z"}
{"level":"info","message":"🚀 Server running on port 5000","service":"ecommerce-api","timestamp":"2026-04-22T03:21:20.508Z"}
{"level":"info","message":"📖 API Docs: http://localhost:5000/api-docs","service":"ecommerce-api","timestamp":"2026-04-22T03:21:20.509Z"}
{"level":"info","message":"🌍 Environment: development","service":"ecommerce-api","timestamp":"2026-04-22T03:21:20.509Z"}
{"level":"info","message":"📡 API Prefix: /api/v1","service":"ecommerce-api","timestamp":"2026-04-22T03:21:20.509Z"}
{"level":"warn","message":"Slow query (1892.0106000000014ms): SELECT \"public\".\"products\".\"id\", \"public\".\"products\".\"name\", \"public\".\"products\".\"slug\", \"public\".\"products\".\"description\", \"public\".\"products\".\"basePrice\", \"public\".\"products\".\"comparePrice\", \"public\".\"products\".\"sku\", \"public\".\"products\".\"weight\", \"public\".\"products\".\"isActive\", \"public\".\"products\".\"isFeatured\", \"public\".\"products\".\"hasVariants\", \"public\".\"products\".\"stock\", \"public\".\"products\".\"categoryId\", \"public\".\"products\".\"createdAt\", \"public\".\"products\".\"updatedAt\", \"public\".\"products\".\"deletedAt\" FROM \"public\".\"products\" WHERE 1=1 ORDER BY \"public\".\"products\".\"createdAt\" DESC LIMIT $1 OFFSET $2","service":"ecommerce-api","timestamp":"2026-04-22T03:21:29.525Z"}
{"level":"warn","message":"Slow query (2477.1800000000003ms): SELECT COUNT(*) AS \"_count$_all\" FROM (SELECT \"public\".\"products\".\"id\" FROM \"public\".\"products\" WHERE 1=1 OFFSET $1) AS \"sub\"","service":"ecommerce-api","timestamp":"2026-04-22T03:21:30.126Z"}
{"level":"info","message":"SIGINT received. Starting graceful shutdown...","service":"ecommerce-api","timestamp":"2026-04-22T03:21:55.325Z"}
